<?xml version="1.0" encoding="UTF-8"?>
<!-- Generated by org.testng.reporters.JUnitReportReporter -->
<testsuite hostname="omkar" name="Basic_Operations.TestSimpleLogin" tests="1" failures="0" timestamp="21 Dec 2021 15:58:19 GMT" time="8.278" errors="0">
  <testcase name="testActitimeLogin" time="8.278" classname="Basic_Operations.TestSimpleLogin"/>
</testsuite> <!-- Basic_Operations.TestSimpleLogin -->
