<?xml version="1.0" encoding="UTF-8"?>
<!-- Generated by org.testng.reporters.JUnitReportReporter -->
<testsuite hostname="omkar" name="Basic_Operations.TestActiTime" tests="1" failures="0" timestamp="21 Dec 2021 15:58:19 GMT" time="41.122" errors="0">
  <testcase name="testlogin" time="41.122" classname="Basic_Operations.TestActiTime"/>
</testsuite> <!-- Basic_Operations.TestActiTime -->
